<?xml version="1.0" encoding="UTF-8" standalone="yes" ?>
<test-results name="C:\Users\AQUASOFT\Documents\formacao2023\OOP2\Win32\Debug\OOP2Test.exe" total="3" errors="0" failures="0" ignored="0" inconclusive="0" not-run="0" skipped="0" invalid="0" date="2023-06-03" time="0.005">
  <culture-info current-culture="en" current-uiculture="en" />
  <test-suite type="Assembly" name="OOP2Test.exe" executed="true" result="Success" success="True" time="0.005" asserts="0">
    <results>
        <test-suite type="Namespace" name="Classe" executed="true" result="Success" success="True" time="0.004" asserts="0" >
          <results>
              <test-suite type="Fixture" name="TMyTestObject" executed="True" result="Success" success="True" time="0.004" >
                <results>
                  <test-case name="Test1" executed="True" result="Success" success="True" time="0.000" asserts="0" />
                  <test-case name="Test2.TestA" executed="True" result="Success" success="True" time="0.000" asserts="0" />
                  <test-case name="Test2.TestB" executed="True" result="Success" success="True" time="0.000" asserts="0" />
                </results>
              </test-suite>
          </results>
        </test-suite>
    </results>
  </test-suite>
</test-results>
